#
# There is insufficient memory for the Java Runtime Environment to continue.
# Native memory allocation (malloc) failed to allocate 313056 bytes for Chunk::new
# Possible reasons:
#   The system is out of physical RAM or swap space
#   The process is running with CompressedOops enabled, and the Java Heap may be blocking the growth of the native heap
# Possible solutions:
#   Reduce memory load on the system
#   Increase physical memory or swap space
#   Check if swap backing store is full
#   Decrease Java heap size (-Xmx/-Xms)
#   Decrease number of Java threads
#   Decrease Java thread stack sizes (-Xss)
#   Set larger code cache with -XX:ReservedCodeCacheSize=
#   JVM is running with Zero Based Compressed Oops mode in which the Java heap is
#     placed in the first 32GB address space. The Java Heap base address is the
#     maximum limit for the native heap growth. Please use -XX:HeapBaseMinAddress
#     to set the Java Heap base and to place the Java Heap above 32GB virtual address.
# This output file may be truncated or incomplete.
#
#  Out of Memory Error (allocation.cpp:389), pid=26416, tid=0x0000000000004568
#
# JRE version: Java(TM) SE Runtime Environment (8.0_351-b10) (build 1.8.0_351-b10)
# Java VM: Java HotSpot(TM) 64-Bit Server VM (25.351-b10 mixed mode windows-amd64 compressed oops)
# Failed to write core dump. Minidumps are not enabled by default on client versions of Windows
#

---------------  T H R E A D  ---------------

Current thread (0x00000236b5889000):  JavaThread "C2 CompilerThread2" daemon [_thread_in_native, id=17768, stack(0x000000d468900000,0x000000d468a00000)]

Stack: [0x000000d468900000,0x000000d468a00000]
Native frames: (J=compiled Java code, j=interpreted, Vv=VM code, C=native code)
V  [jvm.dll+0x3300b9]
V  [jvm.dll+0x276632]
V  [jvm.dll+0x2772dd]
V  [jvm.dll+0x26dc85]
V  [jvm.dll+0xd584c]
V  [jvm.dll+0xd604c]
V  [jvm.dll+0x471aa5]
V  [jvm.dll+0x439110]
V  [jvm.dll+0x442115]
V  [jvm.dll+0x4414d5]
V  [jvm.dll+0x42c27b]
V  [jvm.dll+0xac69b]
V  [jvm.dll+0xaacfb]
V  [jvm.dll+0x23ec62]
V  [jvm.dll+0x29330c]
C  [ucrtbase.dll+0x29363]
C  [KERNEL32.DLL+0x126bd]
C  [ntdll.dll+0x5dfb8]


Current CompileTask:
C2:   1007 1084       4       org.springframework.boot.context.properties.source.ConfigurationPropertyName$ElementsParser::parse (234 bytes)


---------------  P R O C E S S  ---------------

Java Threads: ( => current thread )
  0x00000236b6169000 JavaThread "background-preinit" [_thread_in_native, id=26692, stack(0x000000d468d00000,0x000000d468e00000)]
  0x00000236b5924000 JavaThread "Service Thread" daemon [_thread_blocked, id=5980, stack(0x000000d468b00000,0x000000d468c00000)]
  0x00000236b5889800 JavaThread "C1 CompilerThread3" daemon [_thread_blocked, id=15784, stack(0x000000d468a00000,0x000000d468b00000)]
=>0x00000236b5889000 JavaThread "C2 CompilerThread2" daemon [_thread_in_native, id=17768, stack(0x000000d468900000,0x000000d468a00000)]
  0x00000236b5885000 JavaThread "C2 CompilerThread1" daemon [_thread_blocked, id=6096, stack(0x000000d468800000,0x000000d468900000)]
  0x00000236b5882800 JavaThread "C2 CompilerThread0" daemon [_thread_blocked, id=22368, stack(0x000000d468700000,0x000000d468800000)]
  0x00000236b587f000 JavaThread "Monitor Ctrl-Break" daemon [_thread_in_native, id=16924, stack(0x000000d468600000,0x000000d468700000)]
  0x00000236b55b3000 JavaThread "Attach Listener" daemon [_thread_blocked, id=29380, stack(0x000000d468500000,0x000000d468600000)]
  0x00000236b55b2800 JavaThread "Signal Dispatcher" daemon [_thread_blocked, id=28284, stack(0x000000d468400000,0x000000d468500000)]
  0x00000236b31ba000 JavaThread "Finalizer" daemon [_thread_blocked, id=1124, stack(0x000000d468300000,0x000000d468400000)]
  0x00000236b31b2000 JavaThread "Reference Handler" daemon [_thread_blocked, id=14212, stack(0x000000d468200000,0x000000d468300000)]
  0x000002368eeb7800 JavaThread "main" [_thread_in_native, id=19176, stack(0x000000d467600000,0x000000d467700000)]

Other Threads:
  0x00000236b3189000 VMThread [stack: 0x000000d468100000,0x000000d468200000] [id=8956]
  0x00000236b5990800 WatcherThread [stack: 0x000000d468c00000,0x000000d468d00000] [id=23984]

VM state:not at safepoint (normal execution)

VM Mutex/Monitor currently owned by a thread: None

heap address: 0x00000005c2800000, size: 8152 MB, Compressed Oops mode: Zero based, Oop shift amount: 3
Narrow klass base: 0x0000000000000000, Narrow klass shift: 3
Compressed class space size: 1073741824 Address: 0x00000007c0000000

Heap:
 PSYoungGen      total 152576K, used 36718K [0x0000000716300000, 0x0000000720d00000, 0x00000007c0000000)
  eden space 131072K, 28% used [0x0000000716300000,0x00000007186dbab0,0x000000071e300000)
  from space 21504K, 0% used [0x000000071e300000,0x000000071e300000,0x000000071f800000)
  to   space 21504K, 0% used [0x000000071f800000,0x000000071f800000,0x0000000720d00000)
 ParOldGen       total 240640K, used 7231K [0x00000005c2800000, 0x00000005d1300000, 0x0000000716300000)
  object space 240640K, 3% used [0x00000005c2800000,0x00000005c2f0fc80,0x00000005d1300000)
 Metaspace       used 17448K, capacity 18180K, committed 18304K, reserved 1067008K
  class space    used 2197K, capacity 2384K, committed 2432K, reserved 1048576K

Card table byte_map: [0x000002369fd30000,0x00000236a0d20000] byte_map_base: 0x000002369cf1c000

Marking Bits: (ParMarkBitMap*) 0x00000000666a8fd0
 Begin Bits: [0x00000236a17c0000, 0x00000236a9720000)
 End Bits:   [0x00000236a9720000, 0x00000236b1680000)

Polling page: 0x000002368f120000

CodeCache: size=245760Kb used=3949Kb max_used=3958Kb free=241810Kb
 bounds [0x0000023690970000, 0x0000023690d60000, 0x000002369f970000]
 total_blobs=1515 nmethods=1175 adapters=251
 compilation: disabled (not enough contiguous free space left)

Compilation events (10 events):
Event: 0.820 Thread 0x00000236b5889800 1174       3       org.springframework.boot.context.properties.source.SpringIterableConfigurationPropertySource$$Lambda$51/1147258851::apply (12 bytes)
Event: 0.820 Thread 0x00000236b5889800 nmethod 1174 0x0000023690d47610 code [0x0000023690d477e0, 0x0000023690d48130]
Event: 0.820 Thread 0x00000236b5889800 1175       3       org.springframework.boot.context.properties.source.SpringIterableConfigurationPropertySource::updateMappings (20 bytes)
Event: 0.821 Thread 0x00000236b5889800 nmethod 1175 0x0000023690d4a210 code [0x0000023690d4a3e0, 0x0000023690d4abb0]
Event: 0.821 Thread 0x00000236b5889800 1176       3       jdk.internal.org.objectweb.asm.MethodWriter::visitCode (1 bytes)
Event: 0.821 Thread 0x00000236b5889800 nmethod 1176 0x0000023690d4af50 code [0x0000023690d4b0a0, 0x0000023690d4b1f8]
Event: 0.821 Thread 0x00000236b5889800 1178       3       jdk.internal.org.objectweb.asm.MethodWriter::put (1599 bytes)
Event: 0.821 Thread 0x00000236b5885000 1181       4       java.util.Arrays::equals (78 bytes)
Event: 0.823 Thread 0x00000236b5885000 nmethod 1181 0x0000023690d4e050 code [0x0000023690d4e1a0, 0x0000023690d4e338]
Event: 0.825 Thread 0x00000236b5889800 


GC Heap History (1 events):
Event: 0.826 GC heap before
{Heap before GC invocations=1 (full 0):
 PSYoungGen      total 152576K, used 55056K [0x0000000716300000, 0x0000000720d00000, 0x00000007c0000000)
  eden space 131072K, 42% used [0x0000000716300000,0x00000007198c43f0,0x000000071e300000)
  from space 21504K, 0% used [0x000000071f800000,0x000000071f800000,0x0000000720d00000)
  to   space 21504K, 0% used [0x000000071e300000,0x000000071e300000,0x000000071f800000)
 ParOldGen       total 348160K, used 0K [0x00000005c2800000, 0x00000005d7c00000, 0x0000000716300000)
  object space 348160K, 0% used [0x00000005c2800000,0x00000005c2800000,0x00000005d7c00000)
 Metaspace       used 12628K, capacity 13250K, committed 13312K, reserved 1067008K
  class space    used 1592K, capacity 1753K, committed 1792K, reserved 1048576K

Deoptimization events (3 events):
Event: 0.471 Thread 0x000002368eeb7800 Uncommon trap: reason=unstable_if action=reinterpret pc=0x0000023690af36bc method=java.lang.String.indexOf([CII[CIII)I @ 3
Event: 0.701 Thread 0x000002368eeb7800 Uncommon trap: reason=unstable_if action=reinterpret pc=0x0000023690c04c04 method=java.util.HashMap.hash(Ljava/lang/Object;)I @ 1
Event: 0.737 Thread 0x000002368eeb7800 Uncommon trap: reason=unstable_if action=reinterpret pc=0x0000023690bee844 method=java.util.HashMap.getNode(ILjava/lang/Object;)Ljava/util/HashMap$Node; @ 129

Classes redefined (0 events):
No events

Internal exceptions (10 events):
Event: 0.578 Thread 0x000002368eeb7800 Exception <a 'java/lang/NoSuchMethodError': java.lang.Object.lambda$comparingInt$7b0bb60$1(Ljava/util/function/ToIntFunction;Ljava/lang/Object;Ljava/lang/Object;)I> (0x00000007181e7ae8) thrown at [C:\jenkins\workspace\8-2-build-windows-x64-cygwin\jdk8u351
Event: 0.580 Thread 0x000002368eeb7800 Exception <a 'java/lang/IncompatibleClassChangeError': Found class java.lang.Object, but interface was expected> (0x00000007182041f8) thrown at [C:\jenkins\workspace\8-2-build-windows-x64-cygwin\jdk8u351\2908\hotspot\src\share\vm\interpreter\linkResolver.
Event: 0.604 Thread 0x000002368eeb7800 Exception <a 'java/lang/NoSuchMethodError': java.lang.Object.lambda$or$2(Ljava/util/function/BiPredicate;Ljava/lang/Object;Ljava/lang/Object;)Z> (0x0000000718384268) thrown at [C:\jenkins\workspace\8-2-build-windows-x64-cygwin\jdk8u351\2908\hotspot\src\sh
Event: 0.605 Thread 0x000002368eeb7800 Exception <a 'java/lang/NoSuchMethodError': java.lang.Object.lambda$chars$0()Ljava/util/Spliterator$OfInt;> (0x0000000718394788) thrown at [C:\jenkins\workspace\8-2-build-windows-x64-cygwin\jdk8u351\2908\hotspot\src\share\vm\interpreter\linkResolver.cpp, 
Event: 0.642 Thread 0x000002368eeb7800 Exception <a 'java/lang/NoSuchMethodError': java.lang.Object.lambda$comparing$77a9974f$1(Ljava/util/function/Function;Ljava/lang/Object;Ljava/lang/Object;)I> (0x0000000718670d40) thrown at [C:\jenkins\workspace\8-2-build-windows-x64-cygwin\jdk8u351\2908\h
Event: 0.666 Thread 0x000002368eeb7800 Exception <a 'java/lang/NoSuchMethodError': java.lang.Object.lambda$from$1(Ljava/util/function/Supplier;Lorg/springframework/boot/BootstrapContext;)Ljava/lang/Object;> (0x0000000718863a18) thrown at [C:\jenkins\workspace\8-2-build-windows-x64-cygwin\jdk8u
Event: 0.701 Thread 0x000002368eeb7800 Implicit null exception at 0x0000023690c049d5 to 0x0000023690c04bf5
Event: 0.727 Thread 0x000002368eeb7800 Exception <a 'java/lang/NoSuchMethodError': java.lang.Object.lambda$comparingByKey$6d558cbf$1(Ljava/util/Comparator;Ljava/util/Map$Entry;Ljava/util/Map$Entry;)I> (0x0000000718e0db00) thrown at [C:\jenkins\workspace\8-2-build-windows-x64-cygwin\jdk8u351\29
Event: 0.743 Thread 0x000002368eeb7800 Exception <a 'java/lang/NoSuchMethodError': java.lang.Object.lambda$and$0(Ljava/util/function/Predicate;Ljava/lang/Object;)Z> (0x0000000718f19120) thrown at [C:\jenkins\workspace\8-2-build-windows-x64-cygwin\jdk8u351\2908\hotspot\src\share\vm\interpreter\
Event: 0.823 Thread 0x00000236b6169000 Exception <a 'java/lang/NoClassDefFoundError': javax/validation/Validation> (0x0000000719657d18) thrown at [C:\jenkins\workspace\8-2-build-windows-x64-cygwin\jdk8u351\2908\hotspot\src\share\vm\classfile\systemDictionary.cpp, line 201]

Events (10 events):
Event: 0.825 loading class org/springframework/http/HttpMessage done
Event: 0.825 loading class org/springframework/core/io/DefaultResourceLoader$ClassPathContextResource
Event: 0.825 loading class org/springframework/core/io/DefaultResourceLoader$ClassPathContextResource done
Event: 0.825 loading class org/springframework/http/converter/HttpMessageNotWritableException
Event: 0.825 loading class org/springframework/http/converter/HttpMessageNotWritableException done
Event: 0.825 loading class org/springframework/http/converter/HttpMessageConversionException
Event: 0.825 loading class org/springframework/http/converter/HttpMessageConversionException done
Event: 0.825 loading class org/springframework/core/io/ContextResource
Event: 0.825 loading class org/springframework/core/io/ContextResource done
Event: 0.826 Executing VM operation: CollectForMetadataAllocation


Dynamic libraries:
0x00007ff632c40000 - 0x00007ff632c87000 	D:\Study\Java\jdk1.8\bin\java.exe
0x00007ffba4e50000 - 0x00007ffba5064000 	C:\WINDOWS\SYSTEM32\ntdll.dll
0x00007ffba3880000 - 0x00007ffba3943000 	C:\WINDOWS\System32\KERNEL32.DLL
0x00007ffba22c0000 - 0x00007ffba265c000 	C:\WINDOWS\System32\KERNELBASE.dll
0x00007ffba2ff0000 - 0x00007ffba309e000 	C:\WINDOWS\System32\ADVAPI32.dll
0x00007ffba2e50000 - 0x00007ffba2ef7000 	C:\WINDOWS\System32\msvcrt.dll
0x00007ffba4d60000 - 0x00007ffba4e04000 	C:\WINDOWS\System32\sechost.dll
0x00007ffba2ce0000 - 0x00007ffba2df5000 	C:\WINDOWS\System32\RPCRT4.dll
0x00007ffba3950000 - 0x00007ffba3afd000 	C:\WINDOWS\System32\USER32.dll
0x00007ffba2290000 - 0x00007ffba22b6000 	C:\WINDOWS\System32\win32u.dll
0x00007ffba2fb0000 - 0x00007ffba2fd9000 	C:\WINDOWS\System32\GDI32.dll
0x00007ffba27a0000 - 0x00007ffba28b2000 	C:\WINDOWS\System32\gdi32full.dll
0x00007ffba2a30000 - 0x00007ffba2aca000 	C:\WINDOWS\System32\msvcp_win.dll
0x00007ffba2b40000 - 0x00007ffba2c51000 	C:\WINDOWS\System32\ucrtbase.dll
0x00007ffb946f0000 - 0x00007ffb9497e000 	C:\WINDOWS\WinSxS\amd64_microsoft.windows.common-controls_6595b64144ccf1df_6.0.22621.608_none_a9444ca7c10bb01d\COMCTL32.dll
0x00007ffba2c60000 - 0x00007ffba2c92000 	C:\WINDOWS\System32\IMM32.DLL
0x00007ffb87e40000 - 0x00007ffb87e55000 	D:\Study\Java\jdk1.8\jre\bin\vcruntime140.dll
0x00007ffb5ef60000 - 0x00007ffb5effb000 	D:\Study\Java\jdk1.8\jre\bin\msvcp140.dll
0x0000000065ec0000 - 0x0000000066721000 	D:\Study\Java\jdk1.8\jre\bin\server\jvm.dll
0x00007ffba3ef0000 - 0x00007ffba3ef8000 	C:\WINDOWS\System32\PSAPI.DLL
0x00007ffb6d6d0000 - 0x00007ffb6d6d9000 	C:\WINDOWS\SYSTEM32\WSOCK32.dll
0x00007ffb9df10000 - 0x00007ffb9df44000 	C:\WINDOWS\SYSTEM32\WINMM.dll
0x00007ffb970a0000 - 0x00007ffb970aa000 	C:\WINDOWS\SYSTEM32\VERSION.dll
0x00007ffba4370000 - 0x00007ffba43e1000 	C:\WINDOWS\System32\WS2_32.dll
0x00007ffba13d0000 - 0x00007ffba13e8000 	C:\WINDOWS\SYSTEM32\kernel.appcore.dll
0x00007ffb9f010000 - 0x00007ffb9f020000 	D:\Study\Java\jdk1.8\jre\bin\verify.dll
0x00007ffb7fad0000 - 0x00007ffb7fafb000 	D:\Study\Java\jdk1.8\jre\bin\java.dll
0x00007ffb9e520000 - 0x00007ffb9e550000 	D:\Study\Java\jdk1.8\jre\bin\instrument.dll
0x00007ffb7ae70000 - 0x00007ffb7ae88000 	D:\Study\Java\jdk1.8\jre\bin\zip.dll
0x00007ffba4450000 - 0x00007ffba4c3f000 	C:\WINDOWS\System32\SHELL32.dll
0x00007ffb9fef0000 - 0x00007ffba07b8000 	C:\WINDOWS\SYSTEM32\windows.storage.dll
0x00007ffba3b00000 - 0x00007ffba3e8a000 	C:\WINDOWS\System32\combase.dll
0x00007ffb9fdb0000 - 0x00007ffb9feee000 	C:\WINDOWS\SYSTEM32\wintypes.dll
0x00007ffba4090000 - 0x00007ffba4181000 	C:\WINDOWS\System32\SHCORE.dll
0x00007ffba43f0000 - 0x00007ffba444e000 	C:\WINDOWS\System32\shlwapi.dll
0x00007ffba21c0000 - 0x00007ffba21e1000 	C:\WINDOWS\SYSTEM32\profapi.dll
0x00007ffb9e500000 - 0x00007ffb9e51a000 	D:\Study\IntelliJ IDEA Community Edition 2022.2.3\bin\breakgen64.dll
0x00007ffb74e00000 - 0x00007ffb74e1c000 	D:\Study\Java\jdk1.8\jre\bin\net.dll
0x00007ffba1840000 - 0x00007ffba18a9000 	C:\WINDOWS\system32\mswsock.dll
0x00007ffb9f300000 - 0x00007ffb9f30d000 	D:\Study\Java\jdk1.8\jre\bin\management.dll
0x00007ffb72ab0000 - 0x00007ffb72ac7000 	C:\WINDOWS\system32\napinsp.dll
0x00007ffb72a90000 - 0x00007ffb72aab000 	C:\WINDOWS\system32\pnrpnsp.dll
0x00007ffba0f10000 - 0x00007ffba1003000 	C:\WINDOWS\SYSTEM32\DNSAPI.dll
0x00007ffba0e90000 - 0x00007ffba0ebd000 	C:\WINDOWS\SYSTEM32\IPHLPAPI.DLL
0x00007ffba4190000 - 0x00007ffba4199000 	C:\WINDOWS\System32\NSI.dll
0x00007ffb72a70000 - 0x00007ffb72a81000 	C:\WINDOWS\System32\winrnr.dll
0x00007ffb9cf20000 - 0x00007ffb9cf35000 	C:\WINDOWS\system32\wshbth.dll
0x00007ffb72a40000 - 0x00007ffb72a61000 	C:\WINDOWS\system32\nlansp_c.dll
0x00007ffb9db10000 - 0x00007ffb9db1a000 	C:\Windows\System32\rasadhlp.dll
0x00007ffb9cbf0000 - 0x00007ffb9cc73000 	C:\WINDOWS\System32\fwpuclnt.dll
0x00007ffba0870000 - 0x00007ffba0a9e000 	C:\WINDOWS\SYSTEM32\dbghelp.dll
0x00007ffba4290000 - 0x00007ffba4367000 	C:\WINDOWS\System32\OLEAUT32.dll
0x00007ffba2720000 - 0x00007ffba279b000 	C:\WINDOWS\System32\bcryptPrimitives.dll

VM Arguments:
jvm_args: -javaagent:D:\Study\IntelliJ IDEA Community Edition 2022.2.3\lib\idea_rt.jar=61915:D:\Study\IntelliJ IDEA Community Edition 2022.2.3\bin -Dfile.encoding=UTF-8 
java_command: org.example.ZFXSApplication
java_class_path (initial): D:\Study\Java\jdk1.8\jre\lib\charsets.jar;D:\Study\Java\jdk1.8\jre\lib\deploy.jar;D:\Study\Java\jdk1.8\jre\lib\ext\access-bridge-64.jar;D:\Study\Java\jdk1.8\jre\lib\ext\cldrdata.jar;D:\Study\Java\jdk1.8\jre\lib\ext\dnsns.jar;D:\Study\Java\jdk1.8\jre\lib\ext\jaccess.jar;D:\Study\Java\jdk1.8\jre\lib\ext\jfxrt.jar;D:\Study\Java\jdk1.8\jre\lib\ext\localedata.jar;D:\Study\Java\jdk1.8\jre\lib\ext\nashorn.jar;D:\Study\Java\jdk1.8\jre\lib\ext\sunec.jar;D:\Study\Java\jdk1.8\jre\lib\ext\sunjce_provider.jar;D:\Study\Java\jdk1.8\jre\lib\ext\sunmscapi.jar;D:\Study\Java\jdk1.8\jre\lib\ext\sunpkcs11.jar;D:\Study\Java\jdk1.8\jre\lib\ext\zipfs.jar;D:\Study\Java\jdk1.8\jre\lib\javaws.jar;D:\Study\Java\jdk1.8\jre\lib\jce.jar;D:\Study\Java\jdk1.8\jre\lib\jfr.jar;D:\Study\Java\jdk1.8\jre\lib\jfxswt.jar;D:\Study\Java\jdk1.8\jre\lib\jsse.jar;D:\Study\Java\jdk1.8\jre\lib\management-agent.jar;D:\Study\Java\jdk1.8\jre\lib\plugin.jar;D:\Study\Java\jdk1.8\jre\lib\resources.jar;D:\Study\Java\jdk1.8\jre\lib\rt.jar;D:\×ÀÃæ\ZFXS\target\classes;D:\Study\maven\Local\org\springframework\boot\spring-boot-starter\2.4.5\spring-boot-starter-2.4.5.jar;D:\Study\maven\Local\org\springframework\boot\spring-boot\2.4.5\spring-boot-2.4.5.jar;D:\Study\maven\Local\org\springframework\spring-context\5.3.6\spring-context-5.3.6.jar;D:\Study\maven\Local\org\springframework\boot\spring-boot-autoconfigure\2.4.5\spring-boot-autoconfigure-2.4.5.jar;D:\Study\maven\Local\org\springframework\boot\spring-boot-starter-logging\2.4.5\spring-boot-starter-logging-2.4.5.jar;D:\Study\maven\Local\ch\qos\logback\logback-classic\1.2.3\logback-classic-1.2.3.jar;D:\Study\maven\Local\ch\qos\logback\logback-core\1.2.3\logback-core-1.2.3.jar;D:\Study\maven\Local\org\apache\logging\log4j\log4j-to-slf4j\2.13.3\log4j-to-slf4j-2.13.3.jar;D:\Study\maven\Local\org\apache\logging\log4j\log4j-api\2.13.3\log4j-api-2.13.3.jar;D:\Study\maven\Local\org\slf4j\jul-to-slf4j\1.7.30\jul-to-slf4j-1.7.30.jar;D:\Study\maven\Local\
Launcher Type: SUN_STANDARD

Environment Variables:
JAVA_HOME=D:\Study\Java\jdk1.8
PATH=D:\Study\Vmware\bin\;D:\Study\python39\Scripts\;D:\Study\python39\;C:\Program Files (x86)\Common Files\Intel\Shared Libraries\redist\intel64\compiler;C:\Program Files (x86)\Common Files\Oracle\Java\javapath;C:\Program Files\NVIDIA GPU Computing Toolkit\CUDA\v11.8\bin;C:\Program Files\NVIDIA GPU Computing Toolkit\CUDA\v11.8\libnvvp;C:\Program Files\NVIDIA GPU Computing Toolkit\CUDA\v11.8\include;C:\Program Files\NVIDIA GPU Computing Toolkit\CUDA\v11.8\lib;C:\Windows\system32;C:\Windows;C:\Windows\System32\Wbem;C:\Windows\System32\WindowsPowerShell\v1.0\;C:\Windows\System32\OpenSSH\;C:\Program Files (x86)\NVIDIA Corporation\PhysX\Common;C:\Program Files\NVIDIA Corporation\NVIDIA NvDLISR;C:\WINDOWS\system32;C:\WINDOWS;C:\WINDOWS\System32\Wbem;C:\WINDOWS\System32\WindowsPowerShell\v1.0\;C:\WINDOWS\System32\OpenSSH\;C:\Program Files\NVIDIA Corporation\Nsight Compute 2022.3.0\;D:\APP\Bandizip\;D:\Study\Java\jdk1.8\bin;D:\Study\mysql\bin;D:\Study\maven\bin;D:\APP\Xshell\;D:\Study\Node_js\;D:\Study\Node_js\node_global\node_modules;C:\Program Files\Microsoft SQL Server\150\Tools\Binn\;C:\Program Files\Microsoft SQL Server\Client SDK\ODBC\170\Tools\Binn\;D:\Anaconda;D:\Anaconda\Scripts;D:\Anaconda\Library\mingw-w64\bin;D:\Anaconda\Library\usr\bin;D:\Anaconda\Library\bin;C:\Program Files\dotnet\;C:\Program Files\Pandoc\;D:\Study\Go\bin;D:\Study\matlab2022b\runtime\win64;D:\Study\matlab2022b\bin;D:\Study\python37\Scripts\;D:\Study\python37\;C:\Users\ZSTUGWH\AppData\Local\Microsoft\WindowsApps;D:\Study\Anaconda\Lib;D:\Study\PyCharm Community Edition 2022.2.3\bin;;D:\Study\IntelliJ IDEA Community Edition 2022.2.3\bin;;D:\Study\CLion 2022.2.4\bin;;D:\Study\MinGW\bin;D:\Study\JetBrains Rider 2022.2.4\bin;;D:\Study\Node_js\node_global;C:\Users\ZSTUGWH\.dotnet\tools;
USERNAME=ZSTUGWH
OS=Windows_NT
PROCESSOR_IDENTIFIER=Intel64 Family 6 Model 165 Stepping 2, GenuineIntel



---------------  S Y S T E M  ---------------

OS: Windows 11 , 64 bit Build 22621 (10.0.22621.1194)

CPU:total 12 (initial active 12) (6 cores per cpu, 2 threads per core) family 6 model 165 stepping 2, cmov, cx8, fxsr, mmx, sse, sse2, sse3, ssse3, sse4.1, sse4.2, popcnt, avx, avx2, aes, clmul, erms, 3dnowpref, lzcnt, ht, tsc, tscinvbit, bmi1, bmi2, adx

Memory: 4k page, physical 33387428k(2628980k free), swap 93360416k(101776k free)

vm_info: Java HotSpot(TM) 64-Bit Server VM (25.351-b10) for windows-amd64 JRE (1.8.0_351-b10), built on Sep 15 2022 02:58:06 by "java_re" with MS VC++ 15.9 (VS2017)

time: Sun Mar 12 15:31:54 2023
timezone: Intel64 Family 6 Model 165 Stepping 2, GenuineIntel
elapsed time: 1.011273 seconds (0d 0h 0m 1s)

